0 info it worked if it ends with ok
1 verbose cli [
1 verbose cli   '/usr/bin/node', '/usr/bin/npm',
1 verbose cli   'install',       '&&',
1 verbose cli   'npx',           'prettier',
1 verbose cli   '--write',       '.',
1 verbose cli   '&&',            'node',
1 verbose cli   '.'
1 verbose cli ]
2 info using npm@6.14.8
3 info using node@v14.15.0
4 verbose config Skipping project config: /home/container/.npmrc. (matches userconfig)
5 verbose npm-session b0619b16ca1a912f
6 silly install loadCurrentTree
7 silly install readLocalPackageData
8 http fetch GET 200 https://registry.npmjs.org/node 1166ms
9 http fetch GET 200 https://registry.npmjs.org/prettier 1205ms
10 http fetch GET 200 https://registry.npmjs.org/npx 1317ms
11 http fetch GET 200 https://registry.npmjs.org/node/-/node-15.14.0.tgz 2224ms
12 http fetch GET 200 https://registry.npmjs.org/npx/-/npx-10.2.2.tgz 2196ms
13 http fetch GET 200 https://registry.npmjs.org/prettier/-/prettier-2.2.1.tgz 2238ms
14 silly pacote tag manifest for node@latest fetched in 3525ms
15 silly pacote tag manifest for npx@latest fetched in 3652ms
16 silly pacote tag manifest for prettier@latest fetched in 3545ms
17 timing stage:rollbackFailedOptional Completed in 1ms
18 timing stage:runTopLevelLifecycles Completed in 3993ms
19 verbose stack Error: Invalid tag name "&&": Tags may not have any characters that encodeURIComponent encodes.
19 verbose stack     at invalidTagName (/usr/lib/node_modules/npm/node_modules/npm-package-arg/npa.js:91:15)
19 verbose stack     at fromRegistry (/usr/lib/node_modules/npm/node_modules/npm-package-arg/npa.js:296:13)
19 verbose stack     at resolve (/usr/lib/node_modules/npm/node_modules/npm-package-arg/npa.js:81:12)
19 verbose stack     at npa (/usr/lib/node_modules/npm/node_modules/npm-package-arg/npa.js:52:10)
19 verbose stack     at /usr/lib/node_modules/npm/lib/install/deps.js:231:14
19 verbose stack     at /usr/lib/node_modules/npm/node_modules/slide/lib/async-map.js:52:35
19 verbose stack     at Array.forEach (<anonymous>)
19 verbose stack     at /usr/lib/node_modules/npm/node_modules/slide/lib/async-map.js:52:11
19 verbose stack     at Array.forEach (<anonymous>)
19 verbose stack     at asyncMap (/usr/lib/node_modules/npm/node_modules/slide/lib/async-map.js:51:8)
19 verbose stack     at exports.getAllMetadata (/usr/lib/node_modules/npm/lib/install/deps.js:228:3)
19 verbose stack     at Installer.loadArgMetadata (/usr/lib/node_modules/npm/lib/install.js:366:3)
19 verbose stack     at /usr/lib/node_modules/npm/lib/install.js:704:16
19 verbose stack     at /usr/lib/node_modules/npm/lib/install/read-shrinkwrap.js:33:16
19 verbose stack     at tryCatcher (/usr/lib/node_modules/npm/node_modules/bluebird/js/release/util.js:16:23)
19 verbose stack     at Promise._settlePromiseFromHandler (/usr/lib/node_modules/npm/node_modules/bluebird/js/release/promise.js:517:31)
20 verbose cwd /home/container
21 verbose Linux 4.19.0-16-amd64
22 verbose argv "/usr/bin/node" "/usr/bin/npm" "install" "&&" "npx" "prettier" "--write" "." "&&" "node" "."
23 verbose node v14.15.0
24 verbose npm  v6.14.8
25 error code EINVALIDTAGNAME
26 error Invalid tag name "&&": Tags may not have any characters that encodeURIComponent encodes.
27 verbose exit [ 1, true ]
