0 info it worked if it ends with ok
1 verbose cli [
1 verbose cli   '/usr/bin/node', '/usr/bin/npm',
1 verbose cli   'install',       '&&',
1 verbose cli   'npx',           'prettier',
1 verbose cli   '--write',       '.',
1 verbose cli   '&&',            'node',
1 verbose cli   '.'
1 verbose cli ]
2 info using npm@6.14.8
3 info using node@v14.15.0
4 verbose config Skipping project config: /home/container/.npmrc. (matches userconfig)
5 verbose npm-session 252677bd1a6134ea
6 silly install loadCurrentTree
7 silly install readLocalPackageData
8 http fetch GET 304 https://registry.npmjs.org/npx 4442ms (from cache)
9 http fetch GET 304 https://registry.npmjs.org/prettier 4348ms (from cache)
10 silly pacote tag manifest for npx@latest fetched in 4743ms
11 http fetch GET 304 https://registry.npmjs.org/node 4412ms (from cache)
12 silly pacote tag manifest for prettier@latest fetched in 4619ms
13 silly pacote tag manifest for node@latest fetched in 4571ms
14 timing stage:rollbackFailedOptional Completed in 1ms
15 timing stage:runTopLevelLifecycles Completed in 6011ms
16 verbose stack Error: Invalid tag name "&&": Tags may not have any characters that encodeURIComponent encodes.
16 verbose stack     at invalidTagName (/usr/lib/node_modules/npm/node_modules/npm-package-arg/npa.js:91:15)
16 verbose stack     at fromRegistry (/usr/lib/node_modules/npm/node_modules/npm-package-arg/npa.js:296:13)
16 verbose stack     at resolve (/usr/lib/node_modules/npm/node_modules/npm-package-arg/npa.js:81:12)
16 verbose stack     at npa (/usr/lib/node_modules/npm/node_modules/npm-package-arg/npa.js:52:10)
16 verbose stack     at /usr/lib/node_modules/npm/lib/install/deps.js:231:14
16 verbose stack     at /usr/lib/node_modules/npm/node_modules/slide/lib/async-map.js:52:35
16 verbose stack     at Array.forEach (<anonymous>)
16 verbose stack     at /usr/lib/node_modules/npm/node_modules/slide/lib/async-map.js:52:11
16 verbose stack     at Array.forEach (<anonymous>)
16 verbose stack     at asyncMap (/usr/lib/node_modules/npm/node_modules/slide/lib/async-map.js:51:8)
16 verbose stack     at exports.getAllMetadata (/usr/lib/node_modules/npm/lib/install/deps.js:228:3)
16 verbose stack     at Installer.loadArgMetadata (/usr/lib/node_modules/npm/lib/install.js:366:3)
16 verbose stack     at /usr/lib/node_modules/npm/lib/install.js:704:16
16 verbose stack     at /usr/lib/node_modules/npm/lib/install/read-shrinkwrap.js:33:16
16 verbose stack     at tryCatcher (/usr/lib/node_modules/npm/node_modules/bluebird/js/release/util.js:16:23)
16 verbose stack     at Promise._settlePromiseFromHandler (/usr/lib/node_modules/npm/node_modules/bluebird/js/release/promise.js:517:31)
17 verbose cwd /home/container
18 verbose Linux 4.19.0-16-amd64
19 verbose argv "/usr/bin/node" "/usr/bin/npm" "install" "&&" "npx" "prettier" "--write" "." "&&" "node" "."
20 verbose node v14.15.0
21 verbose npm  v6.14.8
22 error code EINVALIDTAGNAME
23 error Invalid tag name "&&": Tags may not have any characters that encodeURIComponent encodes.
24 verbose exit [ 1, true ]
